Performing flower counting...
04:49PM: TensorFlow loaded...
04:49PM: Adding the input layer...
04:49PM: Adding convolutional layer conv1...
04:49PM: Filter dimensions: [3, 3, 3, 64] Outputs: [1, 362, 362, 64]
04:49PM: Adding parallel convolutional block paral_conv_block1...
04:49PM: Filter dimensions: [1, 1, 64, 16], [3, 3, 64, 16] Outputs: [1, 362, 362, 32]
04:49PM: Adding parallel convolutional block paral_conv_block2...
04:49PM: Filter dimensions: [1, 1, 32, 16], [3, 3, 32, 32] Outputs: [1, 362, 362, 48]
04:49PM: Adding convolutional layer conv2...
04:49PM: Filter dimensions: [14, 14, 48, 16] Outputs: [1, 349, 349, 16]
04:49PM: Adding parallel convolutional block paral_conv_block3...
04:49PM: Filter dimensions: [1, 1, 16, 112], [3, 3, 16, 48] Outputs: [1, 349, 349, 160]
04:49PM: Adding parallel convolutional block paral_conv_block4...
04:49PM: Filter dimensions: [1, 1, 160, 64], [3, 3, 160, 32] Outputs: [1, 349, 349, 96]
04:49PM: Adding parallel convolutional block paral_conv_block5...
04:49PM: Filter dimensions: [1, 1, 96, 40], [3, 3, 96, 40] Outputs: [1, 349, 349, 80]
04:49PM: Adding parallel convolutional block paral_conv_block6...
04:49PM: Filter dimensions: [1, 1, 80, 32], [3, 3, 80, 96] Outputs: [1, 349, 349, 128]
04:49PM: Adding convolutional layer conv3...
04:49PM: Filter dimensions: [18, 18, 128, 32] Outputs: [1, 332, 332, 32]
04:49PM: Adding convolutional layer conv4...
04:49PM: Filter dimensions: [1, 1, 32, 64] Outputs: [1, 332, 332, 64]
04:49PM: Adding convolutional layer conv5...
04:49PM: Filter dimensions: [1, 1, 64, 64] Outputs: [1, 332, 332, 64]
04:49PM: Adding convolutional layer conv6...
04:49PM: Filter dimensions: [1, 1, 64, 1] Outputs: [1, 332, 332, 1]
04:49PM: Loading from checkpoint file...
04:51PM: Shutdown requested, ending session...
BM_GRAZ_HE_0001_02_000.png: -14
BM_GRAZ_HE_0001_02_002.png: -14
BM_GRAZ_HE_0002_01_000.png: -14
BM_GRAZ_HE_0001_01_000.png: -14
BM_GRAZ_HE_0001_01_002.png: -14
BM_GRAZ_HE_0001_02_001.png: -14
BM_GRAZ_HE_0001_01_001.png: -14
BM_GRAZ_HE_0001_01_003.png: -14
BM_GRAZ_HE_0002_01_001.png: -14
BM_GRAZ_HE_0001_02_003.png: -14
Done
